2019/07/13 19:35.57 : Working at:C:\Users\ta330\source\repos\Python\20190713_CowAceOrderScripts
2019/07/13 19:35.57 : Setting filename:src/settings.ini
2019/07/13 19:37.30 : Working at:C:\Users\ta330\source\repos\Python\20190713_CowAceOrderScripts
2019/07/13 19:37.30 : Setting filename:src/settings.ini
2019/07/13 19:37.30 : line=Interval = 60

2019/07/13 19:37.30 : setting_name in line=True
2019/07/13 19:37.30 : setting_line=0
2019/07/13 19:37.30 : setting_pos=11
2019/07/13 19:37.30 : Interval:60
2019/07/13 19:37.30 : Starting thread
2019/07/13 19:37.30 : timerNum=0
2019/07/13 19:37.30 : Watching Thread:2
2019/07/13 19:37.40 : Watching Thread:2
2019/07/13 19:37.50 : Watching Thread:2
2019/07/13 19:38.30 : Working at:C:\Users\ta330\source\repos\Python\20190713_CowAceOrderScripts
2019/07/13 19:38.30 : Setting filename:src/settings.ini
2019/07/13 19:38.31 : line=Interval = 60

2019/07/13 19:38.31 : setting_name in line=True
2019/07/13 19:38.31 : setting_line=0
2019/07/13 19:38.31 : setting_pos=11
2019/07/13 19:38.31 : Interval:60
2019/07/13 19:38.31 : Starting thread
2019/07/13 19:38.31 : timerNum=0
2019/07/13 19:38.31 : Watching Thread:2
2019/07/13 19:38.41 : Watching Thread:2
2019/07/13 19:38.51 : Watching Thread:2
2019/07/13 19:39.31 : Starting thread
2019/07/13 19:39.31 : timerNum=1
2019/07/13 20:31.09 : Working at:C:\Users\ta330\source\repos\Python\20190713_CowAceOrderScripts
2019/07/13 20:31.09 : Setting filename:src/Settings/settings.ini
2019/07/13 20:31.09 : line=Interval = 60

2019/07/13 20:31.09 : setting_name in line=True
2019/07/13 20:31.09 : setting_line=0
2019/07/13 20:31.09 : setting_pos=11
2019/07/13 20:31.09 : Interval:60
2019/07/13 20:31.09 : Starting thread
2019/07/13 20:31.09 : timerNum=0
2019/07/13 20:31.09 : Watching Thread:2
2019/07/13 20:42.24 : Working at:C:\Users\ta330\source\repos\Python\20190713_CowAceOrderScripts
2019/07/13 20:42.24 : Setting filename:src/Settings/settings.ini
2019/07/13 20:42.24 : line=Interval = 10

2019/07/13 20:42.24 : setting_name in line=True
2019/07/13 20:42.24 : setting_line=0
2019/07/13 20:42.24 : setting_pos=11
2019/07/13 20:42.25 : Interval:10
2019/07/13 20:42.25 : Starting thread
2019/07/13 20:42.25 : timerNum=1
2019/07/13 20:42.25 : Watching Thread:2
2019/07/13 20:44.10 : Working at:C:\Users\ta330\source\repos\Python\20190713_CowAceOrderScripts
2019/07/13 20:44.10 : Setting filename:src/Settings/settings.ini
2019/07/13 20:44.10 : line=Interval = 10

2019/07/13 20:44.10 : setting_name in line=True
2019/07/13 20:44.10 : setting_line=0
2019/07/13 20:44.10 : setting_pos=11
2019/07/13 20:44.10 : Interval:10
2019/07/13 20:44.10 : Starting thread
2019/07/13 20:44.10 : timerNum=1
2019/07/13 20:44.10 : Watching Thread:2
2019/07/13 20:44.20 : Starting thread
2019/07/13 20:44.20 : timerNum=2
2019/07/13 20:45.10 : Watching Thread:1
2019/07/13 20:46.10 : Watching Thread:1
2019/07/13 20:47.10 : Watching Thread:1
2019/07/13 20:47.20 : Working at:C:\Users\ta330\source\repos\Python\20190713_CowAceOrderScripts
2019/07/13 20:47.20 : Setting filename:src/Settings/settings.ini
2019/07/13 20:47.20 : line=Interval = 10

2019/07/13 20:47.20 : setting_name in line=True
2019/07/13 20:47.20 : setting_line=0
2019/07/13 20:47.20 : setting_pos=11
2019/07/13 20:47.20 : Interval:10
2019/07/13 20:47.20 : Starting thread
2019/07/13 20:47.20 : timerNum=1
2019/07/13 20:47.20 : Watching Thread:2
2019/07/13 20:48.04 : Working at:C:\Users\ta330\source\repos\Python\20190713_CowAceOrderScripts
2019/07/13 20:48.04 : Setting filename:src/Settings/settings.ini
2019/07/13 20:48.04 : line=Interval = 10

2019/07/13 20:48.04 : setting_name in line=True
2019/07/13 20:48.05 : setting_line=0
2019/07/13 20:48.05 : setting_pos=11
2019/07/13 20:48.05 : Interval:10
2019/07/13 20:48.05 : Starting thread
2019/07/13 20:48.05 : timerNum=1
2019/07/13 20:48.05 : Watching Thread:2
2019/07/13 20:48.15 : Starting thread
2019/07/13 20:48.15 : timerNum=2
2019/07/13 20:49.35 : Working at:C:\Users\ta330\source\repos\Python\20190713_CowAceOrderScripts
2019/07/13 20:49.35 : Setting filename:src/Settings/settings.ini
2019/07/13 20:49.35 : line=Interval = 10

2019/07/13 20:49.35 : setting_name in line=True
2019/07/13 20:49.35 : setting_line=0
2019/07/13 20:49.35 : setting_pos=11
2019/07/13 20:49.35 : Interval:10
2019/07/13 20:49.35 : Starting thread
2019/07/13 20:49.35 : timerNum=1
2019/07/13 20:49.35 : Watching Thread:2
2019/07/13 20:49.45 : Starting thread
2019/07/13 20:49.45 : timerNum=2
2019/07/13 20:50.35 : Watching Thread:1
2019/07/13 20:52.52 : Working at:C:\Users\ta330\source\repos\Python\20190713_CowAceOrderScripts
2019/07/13 20:52.52 : Setting filename:src/Settings/settings.ini
2019/07/13 20:52.52 : line=Interval = 10

2019/07/13 20:52.52 : setting_name in line=True
2019/07/13 20:52.52 : setting_line=0
2019/07/13 20:52.52 : setting_pos=11
2019/07/13 20:52.52 : Interval:10
2019/07/13 20:52.52 : Starting thread
2019/07/13 20:52.52 : timerNum=1
2019/07/13 20:52.52 : Watching Thread:2
2019/07/13 20:53.02 : Starting thread
2019/07/13 20:53.02 : timerNum=2
2019/07/13 20:53.52 : Watching Thread:1
2019/07/13 20:54.52 : Watching Thread:1
2019/07/13 20:56.30 : Working at:C:\Users\ta330\source\repos\Python\20190713_CowAceOrderScripts
2019/07/13 20:56.30 : Setting filename:src/Settings/settings.ini
2019/07/13 20:56.31 : line=Interval = 10

2019/07/13 20:56.31 : setting_name in line=True
2019/07/13 20:56.31 : setting_line=0
2019/07/13 20:56.31 : setting_pos=11
2019/07/13 20:56.31 : Interval:10
2019/07/13 20:56.31 : Starting thread
2019/07/13 20:56.31 : timerNum=1
2019/07/13 20:56.31 : Watching Thread:2
2019/07/13 20:56.41 : Starting thread
2019/07/13 20:56.41 : timerNum=2
2019/07/13 20:57.31 : Watching Thread:1
2019/07/13 20:58.31 : Watching Thread:1
